2026-02-28 06:28:53,220 [INFO] AFL Tables Scraper
2026-02-28 06:28:53,220 [INFO] Scraping seasons 2005 to 2024
2026-02-28 06:28:53,220 [INFO] Output directory: ./data
2026-02-28 06:28:53,220 [INFO] TEST MODE: Scraping 1 match from most recent season
2026-02-28 06:28:53,220 [INFO] Scraping season 2024 matches from https://afltables.com/afl/seas/2024.html
2026-02-28 06:28:55,153 [INFO] Found 216 match links for 2024
2026-02-28 06:28:55,195 [INFO] Scraping match stats: https://afltables.com/afl/stats/games/2024/111620240307.html
2026-02-28 06:28:56,900 [INFO] Extracted 0 player records from match
2026-02-28 06:28:56,900 [INFO] 
Match Info:
{
  "home_team": "Sydney",
  "away_team": "Melbourne",
  "round": "1",
  "venue": "S.C.G.",
  "date": "Thu, 7-Mar-2024 7:30 PM (6:30 PM)",
  "attendance": 40012,
  "year": 2024,
  "match_url": "https://afltables.com/afl/stats/games/2024/111620240307.html",
  "match_id": "111620240307"
}
2026-02-28 06:29:40,867 [INFO] AFL Tables Scraper
2026-02-28 06:29:40,867 [INFO] Scraping seasons 2005 to 2024
2026-02-28 06:29:40,867 [INFO] Output directory: ./data
2026-02-28 06:29:40,867 [INFO] TEST MODE: Scraping 1 match from most recent season
2026-02-28 06:29:40,867 [INFO] Scraping season 2024 matches from https://afltables.com/afl/seas/2024.html
2026-02-28 06:29:42,763 [INFO] Found 216 match links for 2024
2026-02-28 06:29:42,805 [INFO] Scraping match stats: https://afltables.com/afl/stats/games/2024/111620240307.html
2026-02-28 06:29:44,505 [INFO] Extracted 50 player records from match
2026-02-28 06:29:44,506 [INFO] 
Match Info:
{
  "home_team": "Sydney",
  "away_team": "Melbourne",
  "round": "1",
  "venue": "S.C.G.",
  "date": "Thu, 7-Mar-2024 7:30 PM (6:30 PM)",
  "attendance": 40012,
  "year": 2024,
  "match_url": "https://afltables.com/afl/stats/games/2024/111620240307.html",
  "match_id": "111620240307"
}
2026-02-28 06:29:44,512 [INFO] 
Player Stats Sample:
       match_id  year round   venue                               date    team   opponent home_away jumper             player  KI  MK  HB  DI GL   BH    HO   TK   RB   IF    CL   CG   FF   FA   BR    CP    UP   CM   MI  one_pct   BO   GA  pct_played
0  111620240307  2024     1  S.C.G.  Thu, 7-Mar-2024 7:30 PM (6:30 PM)  Sydney  Melbourne      home   36 ↓      Amartey, Joel   3   1   0   3  0  1.0   2.0  2.0  0.0  0.0   0.0  1.0  0.0  0.0  0.0   0.0   2.0  0.0  0.0      1.0  0.0  0.0        43.0
1  111620240307  2024     1  S.C.G.  Thu, 7-Mar-2024 7:30 PM (6:30 PM)  Sydney  Melbourne      home     22       Blakey, Nick  18   9   8  26  0  0.0   0.0  0.0  7.0  6.0   0.0  2.0  2.0  0.0  1.0   6.0  16.0  1.0  0.0      6.0  6.0  2.0        78.0
2  111620240307  2024     1  S.C.G.  Thu, 7-Mar-2024 7:30 PM (6:30 PM)  Sydney  Melbourne      home     16  Campbell, Braeden  12   7   4  16  0  0.0   0.0  2.0  2.0  5.0   1.0  2.0  1.0  0.0  0.0   3.0  15.0  0.0  0.0      1.0  0.0  0.0        68.0
3  111620240307  2024     1  S.C.G.  Thu, 7-Mar-2024 7:30 PM (6:30 PM)  Sydney  Melbourne      home      7  Cunningham, Harry  14  10   4  18  0  0.0   0.0  3.0  0.0  2.0   1.0  1.0  0.0  0.0  0.0   3.0  15.0  0.0  1.0      5.0  0.0  0.0        83.0
4  111620240307  2024     1  S.C.G.  Thu, 7-Mar-2024 7:30 PM (6:30 PM)  Sydney  Melbourne      home     13    Florent, Oliver  10   3   8  18  1  0.0   0.0  2.0  7.0  2.0   3.0  1.0  0.0  0.0  0.0   8.0   8.0  0.0  0.0      1.0  0.0  0.0        91.0
5  111620240307  2024     1  S.C.G.  Thu, 7-Mar-2024 7:30 PM (6:30 PM)  Sydney  Melbourne      home     42        Fox, Robbie   6   2   3   9  1  1.0   0.0  6.0  0.0  0.0   1.0  4.0  2.0  2.0  0.0   5.0   4.0  0.0  0.0      4.0  0.0  0.0        91.0
6  111620240307  2024     1  S.C.G.  Thu, 7-Mar-2024 7:30 PM (6:30 PM)  Sydney  Melbourne      home      4     Grundy, Brodie  12   4  11  23  0  0.0  33.0  6.0  1.0  5.0   9.0  9.0  3.0  4.0  0.0  15.0   7.0  2.0  0.0      4.0  0.0  0.0        78.0
7  111620240307  2024     1  S.C.G.  Thu, 7-Mar-2024 7:30 PM (6:30 PM)  Sydney  Melbourne      home     21      Gulden, Errol  16   2   4  20  0  1.0   0.0  2.0  2.0  5.0   2.0  4.0  1.0  1.0  0.0   9.0  14.0  0.0  0.0      2.0  0.0  0.0        89.0
8  111620240307  2024     1  S.C.G.  Thu, 7-Mar-2024 7:30 PM (6:30 PM)  Sydney  Melbourne      home      9      Hayward, Will   8   4   2  10  2  0.0   0.0  2.0  1.0  0.0   0.0  2.0  0.0  0.0  0.0   2.0   9.0  0.0  2.0      4.0  0.0  0.0        83.0
9  111620240307  2024     1  S.C.G.  Thu, 7-Mar-2024 7:30 PM (6:30 PM)  Sydney  Melbourne      home      5      Heeney, Isaac  17   5   9  26  1  1.0   0.0  7.0  2.0  8.0  13.0  2.0  2.0  0.0  0.0  18.0  10.0  0.0  1.0      4.0  0.0  1.0        79.0
2026-02-28 06:29:44,513 [INFO] 
Saved test data to ./data/test_player_stats.csv
2026-02-28 06:35:45,116 [INFO] AFL Tables Scraper
2026-02-28 06:35:45,116 [INFO] Scraping seasons 2005 to 2024
2026-02-28 06:35:45,116 [INFO] Output directory: ./data
2026-02-28 06:35:45,117 [INFO] TEST MODE: Scraping 1 match from most recent season
2026-02-28 06:35:45,117 [INFO] Scraping season 2024 matches from https://afltables.com/afl/seas/2024.html
2026-02-28 06:35:46,947 [INFO] Found 216 match links for 2024
2026-02-28 06:35:46,990 [INFO] Scraping match stats: https://afltables.com/afl/stats/games/2024/111620240307.html
2026-02-28 06:35:48,720 [INFO] Extracted 46 player records from match
2026-02-28 06:35:48,720 [INFO] 
Match Info:
{
  "home_team": "Sydney",
  "away_team": "Melbourne",
  "round": "1",
  "venue": "S.C.G.",
  "date": "Thu, 7-Mar-2024 7:30 PM (6:30 PM)",
  "attendance": 40012,
  "year": 2024,
  "match_url": "https://afltables.com/afl/stats/games/2024/111620240307.html",
  "match_id": "111620240307"
}
2026-02-28 06:35:48,728 [INFO] 
Player Stats Sample:
       match_id  year round   venue                               date    team   opponent home_away jumper             player  KI  MK  HB  DI GL   BH    HO   TK   RB   IF    CL   CG   FF   FA   BR    CP    UP   CM   MI  one_pct   BO   GA  pct_played sub_status
0  111620240307  2024     1  S.C.G.  Thu, 7-Mar-2024 7:30 PM (6:30 PM)  Sydney  Melbourne      home     36      Amartey, Joel   3   1   0   3  0  1.0   2.0  2.0  0.0  0.0   0.0  1.0  0.0  0.0  0.0   0.0   2.0  0.0  0.0      1.0  0.0  0.0        43.0        off
1  111620240307  2024     1  S.C.G.  Thu, 7-Mar-2024 7:30 PM (6:30 PM)  Sydney  Melbourne      home     22       Blakey, Nick  18   9   8  26  0  0.0   0.0  0.0  7.0  6.0   0.0  2.0  2.0  0.0  1.0   6.0  16.0  1.0  0.0      6.0  6.0  2.0        78.0       None
2  111620240307  2024     1  S.C.G.  Thu, 7-Mar-2024 7:30 PM (6:30 PM)  Sydney  Melbourne      home     16  Campbell, Braeden  12   7   4  16  0  0.0   0.0  2.0  2.0  5.0   1.0  2.0  1.0  0.0  0.0   3.0  15.0  0.0  0.0      1.0  0.0  0.0        68.0       None
3  111620240307  2024     1  S.C.G.  Thu, 7-Mar-2024 7:30 PM (6:30 PM)  Sydney  Melbourne      home      7  Cunningham, Harry  14  10   4  18  0  0.0   0.0  3.0  0.0  2.0   1.0  1.0  0.0  0.0  0.0   3.0  15.0  0.0  1.0      5.0  0.0  0.0        83.0       None
4  111620240307  2024     1  S.C.G.  Thu, 7-Mar-2024 7:30 PM (6:30 PM)  Sydney  Melbourne      home     13    Florent, Oliver  10   3   8  18  1  0.0   0.0  2.0  7.0  2.0   3.0  1.0  0.0  0.0  0.0   8.0   8.0  0.0  0.0      1.0  0.0  0.0        91.0       None
5  111620240307  2024     1  S.C.G.  Thu, 7-Mar-2024 7:30 PM (6:30 PM)  Sydney  Melbourne      home     42        Fox, Robbie   6   2   3   9  1  1.0   0.0  6.0  0.0  0.0   1.0  4.0  2.0  2.0  0.0   5.0   4.0  0.0  0.0      4.0  0.0  0.0        91.0       None
6  111620240307  2024     1  S.C.G.  Thu, 7-Mar-2024 7:30 PM (6:30 PM)  Sydney  Melbourne      home      4     Grundy, Brodie  12   4  11  23  0  0.0  33.0  6.0  1.0  5.0   9.0  9.0  3.0  4.0  0.0  15.0   7.0  2.0  0.0      4.0  0.0  0.0        78.0       None
7  111620240307  2024     1  S.C.G.  Thu, 7-Mar-2024 7:30 PM (6:30 PM)  Sydney  Melbourne      home     21      Gulden, Errol  16   2   4  20  0  1.0   0.0  2.0  2.0  5.0   2.0  4.0  1.0  1.0  0.0   9.0  14.0  0.0  0.0      2.0  0.0  0.0        89.0       None
8  111620240307  2024     1  S.C.G.  Thu, 7-Mar-2024 7:30 PM (6:30 PM)  Sydney  Melbourne      home      9      Hayward, Will   8   4   2  10  2  0.0   0.0  2.0  1.0  0.0   0.0  2.0  0.0  0.0  0.0   2.0   9.0  0.0  2.0      4.0  0.0  0.0        83.0       None
9  111620240307  2024     1  S.C.G.  Thu, 7-Mar-2024 7:30 PM (6:30 PM)  Sydney  Melbourne      home      5      Heeney, Isaac  17   5   9  26  1  1.0   0.0  7.0  2.0  8.0  13.0  2.0  2.0  0.0  0.0  18.0  10.0  0.0  1.0      4.0  0.0  1.0        79.0       None
2026-02-28 06:35:48,731 [INFO] 
Saved test data to ./data/test_player_stats.csv
2026-02-28 10:22:15,487 [INFO] AFL Tables Scraper
2026-02-28 10:22:15,487 [INFO] Scraping seasons 2005 to 2024
2026-02-28 10:22:15,487 [INFO] Output directory: ./data
2026-02-28 10:22:15,487 [INFO] TEST MODE: Scraping 1 match from most recent season
2026-02-28 10:22:15,487 [INFO] Scraping season 2024 matches from https://afltables.com/afl/seas/2024.html
2026-02-28 10:22:17,395 [INFO] Found 216 match links for 2024
2026-02-28 10:22:17,436 [INFO] Scraping match stats: https://afltables.com/afl/stats/games/2024/111620240307.html
2026-02-28 10:22:19,148 [INFO] Extracted 46 player stat records, 48 player details, 46 scoring events
2026-02-28 10:22:19,148 [INFO] 
Match Info:
{
  "home_team": "Sydney",
  "away_team": "Melbourne",
  "round": "1",
  "venue": "S.C.G.",
  "date": "Thu, 7-Mar-2024 7:30 PM (6:30 PM)",
  "attendance": 40012,
  "year": 2024,
  "match_url": "https://afltables.com/afl/stats/games/2024/111620240307.html",
  "match_id": "111620240307",
  "game_time": "131m"
}
2026-02-28 10:22:19,155 [INFO] 
Player Stats (46 rows):
       match_id  year round   venue                               date    team   opponent home_away jumper             player  KI  MK  HB  DI GL   BH    HO   TK   RB   IF    CL   CG   FF   FA   BR    CP    UP   CM   MI  one_pct   BO   GA  pct_played sub_status
0  111620240307  2024     1  S.C.G.  Thu, 7-Mar-2024 7:30 PM (6:30 PM)  Sydney  Melbourne      home     36      Amartey, Joel   3   1   0   3  0  1.0   2.0  2.0  0.0  0.0   0.0  1.0  0.0  0.0  0.0   0.0   2.0  0.0  0.0      1.0  0.0  0.0        43.0        off
1  111620240307  2024     1  S.C.G.  Thu, 7-Mar-2024 7:30 PM (6:30 PM)  Sydney  Melbourne      home     22       Blakey, Nick  18   9   8  26  0  0.0   0.0  0.0  7.0  6.0   0.0  2.0  2.0  0.0  1.0   6.0  16.0  1.0  0.0      6.0  6.0  2.0        78.0       None
2  111620240307  2024     1  S.C.G.  Thu, 7-Mar-2024 7:30 PM (6:30 PM)  Sydney  Melbourne      home     16  Campbell, Braeden  12   7   4  16  0  0.0   0.0  2.0  2.0  5.0   1.0  2.0  1.0  0.0  0.0   3.0  15.0  0.0  0.0      1.0  0.0  0.0        68.0       None
3  111620240307  2024     1  S.C.G.  Thu, 7-Mar-2024 7:30 PM (6:30 PM)  Sydney  Melbourne      home      7  Cunningham, Harry  14  10   4  18  0  0.0   0.0  3.0  0.0  2.0   1.0  1.0  0.0  0.0  0.0   3.0  15.0  0.0  1.0      5.0  0.0  0.0        83.0       None
4  111620240307  2024     1  S.C.G.  Thu, 7-Mar-2024 7:30 PM (6:30 PM)  Sydney  Melbourne      home     13    Florent, Oliver  10   3   8  18  1  0.0   0.0  2.0  7.0  2.0   3.0  1.0  0.0  0.0  0.0   8.0   8.0  0.0  0.0      1.0  0.0  0.0        91.0       None
5  111620240307  2024     1  S.C.G.  Thu, 7-Mar-2024 7:30 PM (6:30 PM)  Sydney  Melbourne      home     42        Fox, Robbie   6   2   3   9  1  1.0   0.0  6.0  0.0  0.0   1.0  4.0  2.0  2.0  0.0   5.0   4.0  0.0  0.0      4.0  0.0  0.0        91.0       None
6  111620240307  2024     1  S.C.G.  Thu, 7-Mar-2024 7:30 PM (6:30 PM)  Sydney  Melbourne      home      4     Grundy, Brodie  12   4  11  23  0  0.0  33.0  6.0  1.0  5.0   9.0  9.0  3.0  4.0  0.0  15.0   7.0  2.0  0.0      4.0  0.0  0.0        78.0       None
7  111620240307  2024     1  S.C.G.  Thu, 7-Mar-2024 7:30 PM (6:30 PM)  Sydney  Melbourne      home     21      Gulden, Errol  16   2   4  20  0  1.0   0.0  2.0  2.0  5.0   2.0  4.0  1.0  1.0  0.0   9.0  14.0  0.0  0.0      2.0  0.0  0.0        89.0       None
8  111620240307  2024     1  S.C.G.  Thu, 7-Mar-2024 7:30 PM (6:30 PM)  Sydney  Melbourne      home      9      Hayward, Will   8   4   2  10  2  0.0   0.0  2.0  1.0  0.0   0.0  2.0  0.0  0.0  0.0   2.0   9.0  0.0  2.0      4.0  0.0  0.0        83.0       None
9  111620240307  2024     1  S.C.G.  Thu, 7-Mar-2024 7:30 PM (6:30 PM)  Sydney  Melbourne      home      5      Heeney, Isaac  17   5   9  26  1  1.0   0.0  7.0  2.0  8.0  13.0  2.0  2.0  0.0  0.0  18.0  10.0  0.0  1.0      4.0  0.0  1.0        79.0       None
2026-02-28 10:22:19,157 [INFO] Saved to ./data/test_player_stats.csv
2026-02-28 10:22:19,159 [INFO] 
Player Details (48 rows):
       match_id  year    team jumper             player       Age Career Games (W-D-L W%) Career Goals (Ave.)             team_games  team_goals
0  111620240307  2024  Sydney     36      Amartey, Joel  24y 187d     29 (18-1-10 63.79%)           30 (1.03)    29 (18-1-10 63.79%)   30 (1.03)
1  111620240307  2024  Sydney     22       Blakey, Nick    24y 9d    103 (54-1-48 52.91%)           34 (0.33)   103 (54-1-48 52.91%)   34 (0.33)
2  111620240307  2024  Sydney     16  Campbell, Braeden   22y 32d     49 (28-1-20 58.16%)           11 (0.22)    49 (28-1-20 58.16%)   11 (0.22)
3  111620240307  2024  Sydney      7  Cunningham, Harry   30y 92d   186 (109-1-76 58.87%)           51 (0.27)  186 (109-1-76 58.87%)   51 (0.27)
4  111620240307  2024  Sydney     13    Florent, Oliver  25y 229d    143 (77-1-65 54.20%)           43 (0.30)   143 (77-1-65 54.20%)   43 (0.30)
5  111620240307  2024  Sydney     42        Fox, Robbie  30y 326d     88 (44-1-43 50.57%)           11 (0.13)    88 (44-1-43 50.57%)   11 (0.13)
6  111620240307  2024  Sydney      4     Grundy, Brodie  29y 327d   195 (100-2-93 51.79%)           70 (0.36)      1 (1-0-0 100.00%)        None
7  111620240307  2024  Sydney     21      Gulden, Errol  21y 233d     68 (43-1-24 63.97%)           54 (0.79)    68 (43-1-24 63.97%)   54 (0.79)
8  111620240307  2024  Sydney      9      Hayward, Will  25y 133d    138 (75-1-62 54.71%)          161 (1.17)   138 (75-1-62 54.71%)  161 (1.17)
9  111620240307  2024  Sydney      5      Heeney, Isaac  27y 307d   178 (112-1-65 63.20%)          228 (1.28)  178 (112-1-65 63.20%)  228 (1.28)
2026-02-28 10:22:19,159 [INFO] Saved to ./data/test_player_details.csv
2026-02-28 10:22:19,160 [INFO] 
Scoring Progression (46 rows):
       match_id  year quarter     time       team          player score_type          score
0  111620240307  2024    None     Time     Sydney          Sydney     behind          Score
1  111620240307  2024    None   2m 53s  Melbourne        Max Gawn     behind   0.0.0- 0.1.1
2  111620240307  2024    None   5m 16s     Sydney  Oliver Florent       goal   1.0.6- 0.1.1
3  111620240307  2024    None    7m 9s  Melbourne      Jack Viney       goal   1.0.6- 1.1.7
4  111620240307  2024    None   9m 26s  Melbourne  Charlie Spargo     behind   1.0.6- 1.2.8
5  111620240307  2024    None  11m 18s     Sydney          Rushed     behind   1.1.7- 1.2.8
6  111620240307  2024    None  14m 12s     Sydney          Rushed     behind   1.2.8- 1.2.8
7  111620240307  2024    None  17m 17s     Sydney    Isaac Heeney       goal  2.2.14- 1.2.8
8  111620240307  2024    None  18m 25s  Melbourne    Josh Schache     behind  2.2.14- 1.3.9
9  111620240307  2024    None  20m 33s     Sydney          Rushed     behind  2.3.15- 1.3.9
2026-02-28 10:22:19,161 [INFO] Saved to ./data/test_scoring.csv
2026-02-28 10:28:12,175 [INFO] AFL Tables Scraper
2026-02-28 10:28:12,175 [INFO] Scraping seasons 2005 to 2024
2026-02-28 10:28:12,175 [INFO] Output directory: ./data
2026-02-28 10:28:12,175 [INFO] TEST MODE: Scraping 1 match from most recent season
2026-02-28 10:28:12,175 [INFO] Scraping season 2024 matches from https://afltables.com/afl/seas/2024.html
2026-02-28 10:28:13,999 [INFO] Found 216 match links for 2024
2026-02-28 10:28:14,041 [INFO] Scraping match stats: https://afltables.com/afl/stats/games/2024/111620240307.html
2026-02-28 10:28:15,729 [INFO] Extracted 46 player stat records, 48 player details, 45 scoring events
2026-02-28 10:28:15,729 [INFO] 
Match Info:
{
  "home_team": "Sydney",
  "away_team": "Melbourne",
  "round": "1",
  "venue": "S.C.G.",
  "date": "Thu, 7-Mar-2024 7:30 PM (6:30 PM)",
  "attendance": 40012,
  "year": 2024,
  "match_url": "https://afltables.com/afl/stats/games/2024/111620240307.html",
  "match_id": "111620240307",
  "game_time": "131m 28s"
}
2026-02-28 10:28:15,736 [INFO] 
Player Stats (46 rows):
       match_id  year round   venue                               date    team   opponent home_away jumper             player  KI  MK  HB  DI GL   BH    HO   TK   RB   IF    CL   CG   FF   FA   BR    CP    UP   CM   MI  one_pct   BO   GA  pct_played sub_status
0  111620240307  2024     1  S.C.G.  Thu, 7-Mar-2024 7:30 PM (6:30 PM)  Sydney  Melbourne      home     36      Amartey, Joel   3   1   0   3  0  1.0   2.0  2.0  0.0  0.0   0.0  1.0  0.0  0.0  0.0   0.0   2.0  0.0  0.0      1.0  0.0  0.0        43.0        off
1  111620240307  2024     1  S.C.G.  Thu, 7-Mar-2024 7:30 PM (6:30 PM)  Sydney  Melbourne      home     22       Blakey, Nick  18   9   8  26  0  0.0   0.0  0.0  7.0  6.0   0.0  2.0  2.0  0.0  1.0   6.0  16.0  1.0  0.0      6.0  6.0  2.0        78.0       None
2  111620240307  2024     1  S.C.G.  Thu, 7-Mar-2024 7:30 PM (6:30 PM)  Sydney  Melbourne      home     16  Campbell, Braeden  12   7   4  16  0  0.0   0.0  2.0  2.0  5.0   1.0  2.0  1.0  0.0  0.0   3.0  15.0  0.0  0.0      1.0  0.0  0.0        68.0       None
3  111620240307  2024     1  S.C.G.  Thu, 7-Mar-2024 7:30 PM (6:30 PM)  Sydney  Melbourne      home      7  Cunningham, Harry  14  10   4  18  0  0.0   0.0  3.0  0.0  2.0   1.0  1.0  0.0  0.0  0.0   3.0  15.0  0.0  1.0      5.0  0.0  0.0        83.0       None
4  111620240307  2024     1  S.C.G.  Thu, 7-Mar-2024 7:30 PM (6:30 PM)  Sydney  Melbourne      home     13    Florent, Oliver  10   3   8  18  1  0.0   0.0  2.0  7.0  2.0   3.0  1.0  0.0  0.0  0.0   8.0   8.0  0.0  0.0      1.0  0.0  0.0        91.0       None
5  111620240307  2024     1  S.C.G.  Thu, 7-Mar-2024 7:30 PM (6:30 PM)  Sydney  Melbourne      home     42        Fox, Robbie   6   2   3   9  1  1.0   0.0  6.0  0.0  0.0   1.0  4.0  2.0  2.0  0.0   5.0   4.0  0.0  0.0      4.0  0.0  0.0        91.0       None
6  111620240307  2024     1  S.C.G.  Thu, 7-Mar-2024 7:30 PM (6:30 PM)  Sydney  Melbourne      home      4     Grundy, Brodie  12   4  11  23  0  0.0  33.0  6.0  1.0  5.0   9.0  9.0  3.0  4.0  0.0  15.0   7.0  2.0  0.0      4.0  0.0  0.0        78.0       None
7  111620240307  2024     1  S.C.G.  Thu, 7-Mar-2024 7:30 PM (6:30 PM)  Sydney  Melbourne      home     21      Gulden, Errol  16   2   4  20  0  1.0   0.0  2.0  2.0  5.0   2.0  4.0  1.0  1.0  0.0   9.0  14.0  0.0  0.0      2.0  0.0  0.0        89.0       None
8  111620240307  2024     1  S.C.G.  Thu, 7-Mar-2024 7:30 PM (6:30 PM)  Sydney  Melbourne      home      9      Hayward, Will   8   4   2  10  2  0.0   0.0  2.0  1.0  0.0   0.0  2.0  0.0  0.0  0.0   2.0   9.0  0.0  2.0      4.0  0.0  0.0        83.0       None
9  111620240307  2024     1  S.C.G.  Thu, 7-Mar-2024 7:30 PM (6:30 PM)  Sydney  Melbourne      home      5      Heeney, Isaac  17   5   9  26  1  1.0   0.0  7.0  2.0  8.0  13.0  2.0  2.0  0.0  0.0  18.0  10.0  0.0  1.0      4.0  0.0  1.0        79.0       None
2026-02-28 10:28:15,738 [INFO] Saved to ./data/test_player_stats.csv
2026-02-28 10:28:15,739 [INFO] 
Player Details (48 rows):
       match_id  year    team jumper             player       Age Career Games (W-D-L W%) Career Goals (Ave.)             team_games  team_goals
0  111620240307  2024  Sydney     36      Amartey, Joel  24y 187d     29 (18-1-10 63.79%)           30 (1.03)    29 (18-1-10 63.79%)   30 (1.03)
1  111620240307  2024  Sydney     22       Blakey, Nick    24y 9d    103 (54-1-48 52.91%)           34 (0.33)   103 (54-1-48 52.91%)   34 (0.33)
2  111620240307  2024  Sydney     16  Campbell, Braeden   22y 32d     49 (28-1-20 58.16%)           11 (0.22)    49 (28-1-20 58.16%)   11 (0.22)
3  111620240307  2024  Sydney      7  Cunningham, Harry   30y 92d   186 (109-1-76 58.87%)           51 (0.27)  186 (109-1-76 58.87%)   51 (0.27)
4  111620240307  2024  Sydney     13    Florent, Oliver  25y 229d    143 (77-1-65 54.20%)           43 (0.30)   143 (77-1-65 54.20%)   43 (0.30)
5  111620240307  2024  Sydney     42        Fox, Robbie  30y 326d     88 (44-1-43 50.57%)           11 (0.13)    88 (44-1-43 50.57%)   11 (0.13)
6  111620240307  2024  Sydney      4     Grundy, Brodie  29y 327d   195 (100-2-93 51.79%)           70 (0.36)      1 (1-0-0 100.00%)        None
7  111620240307  2024  Sydney     21      Gulden, Errol  21y 233d     68 (43-1-24 63.97%)           54 (0.79)    68 (43-1-24 63.97%)   54 (0.79)
8  111620240307  2024  Sydney      9      Hayward, Will  25y 133d    138 (75-1-62 54.71%)          161 (1.17)   138 (75-1-62 54.71%)  161 (1.17)
9  111620240307  2024  Sydney      5      Heeney, Isaac  27y 307d   178 (112-1-65 63.20%)          228 (1.28)  178 (112-1-65 63.20%)  228 (1.28)
2026-02-28 10:28:15,740 [INFO] Saved to ./data/test_player_details.csv
2026-02-28 10:28:15,741 [INFO] 
Scoring Progression (45 rows):
       match_id  year quarter     time       team          player score_type           score
0  111620240307  2024     1st   2m 53s  Melbourne        Max Gawn     behind    0.0.0- 0.1.1
1  111620240307  2024     1st   5m 16s     Sydney  Oliver Florent       goal    1.0.6- 0.1.1
2  111620240307  2024     1st    7m 9s  Melbourne      Jack Viney       goal    1.0.6- 1.1.7
3  111620240307  2024     1st   9m 26s  Melbourne  Charlie Spargo     behind    1.0.6- 1.2.8
4  111620240307  2024     1st  11m 18s     Sydney          Rushed     behind    1.1.7- 1.2.8
5  111620240307  2024     1st  14m 12s     Sydney          Rushed     behind    1.2.8- 1.2.8
6  111620240307  2024     1st  17m 17s     Sydney    Isaac Heeney       goal   2.2.14- 1.2.8
7  111620240307  2024     1st  18m 25s  Melbourne    Josh Schache     behind   2.2.14- 1.3.9
8  111620240307  2024     1st  20m 33s     Sydney          Rushed     behind   2.3.15- 1.3.9
9  111620240307  2024     1st  21m 39s  Melbourne  Bayley Fritsch     behind  2.3.15- 1.4.10
2026-02-28 10:28:15,742 [INFO] Saved to ./data/test_scoring.csv
2026-02-28 10:35:22,134 [INFO] Scraping season 2024 matches from https://afltables.com/afl/seas/2024.html
2026-02-28 10:35:23,946 [INFO] Found 216 match links for 2024
2026-02-28 10:35:23,988 [INFO] Scraping match stats: https://afltables.com/afl/stats/games/2024/051520240727.html
2026-02-28 10:35:25,792 [INFO] Extracted 46 player stat records, 48 player details, 38 scoring events
2026-02-28 10:35:25,798 [INFO] Scraping match stats: https://afltables.com/afl/stats/games/2024/011120240404.html
2026-02-28 10:35:27,536 [INFO] Extracted 46 player stat records, 48 player details, 51 scoring events
2026-02-28 10:46:59,688 [INFO] Scraping season 2005 matches from https://afltables.com/afl/seas/2005.html
2026-02-28 10:47:01,579 [INFO] Found 185 match links for 2005
2026-02-28 10:47:01,611 [INFO] Scraping match stats: https://afltables.com/afl/stats/games/2005/151920050324.html
2026-02-28 10:47:03,341 [INFO] Extracted 44 player stat records, 46 player details, 54 scoring events
2026-02-28 10:47:03,341 [INFO] Scraping season 2010 matches from https://afltables.com/afl/seas/2010.html
2026-02-28 10:47:05,121 [INFO] Found 186 match links for 2010
2026-02-28 10:47:05,153 [INFO] Scraping match stats: https://afltables.com/afl/stats/games/2010/031420100325.html
2026-02-28 10:47:06,913 [INFO] Extracted 44 player stat records, 46 player details, 49 scoring events
2026-02-28 10:47:06,913 [INFO] Scraping season 2015 matches from https://afltables.com/afl/seas/2015.html
2026-02-28 10:47:08,725 [INFO] Found 206 match links for 2015
2026-02-28 10:47:08,762 [INFO] Scraping match stats: https://afltables.com/afl/stats/games/2015/031420150402.html
2026-02-28 10:47:10,536 [INFO] Extracted 44 player stat records, 46 player details, 53 scoring events
2026-02-28 10:47:10,536 [INFO] Scraping season 2020 matches from https://afltables.com/afl/seas/2020.html
2026-02-28 10:47:12,291 [INFO] Found 162 match links for 2020
2026-02-28 10:47:12,320 [INFO] Scraping match stats: https://afltables.com/afl/stats/games/2020/031420200319.html
2026-02-28 10:47:14,110 [INFO] Extracted 44 player stat records, 46 player details, 46 scoring events
2026-02-28 10:47:14,110 [INFO] Scraping season 2024 matches from https://afltables.com/afl/seas/2024.html
2026-02-28 10:47:15,931 [INFO] Found 216 match links for 2024
2026-02-28 10:47:15,972 [INFO] Scraping match stats: https://afltables.com/afl/stats/games/2024/111620240307.html
2026-02-28 10:47:17,692 [INFO] Extracted 46 player stat records, 48 player details, 45 scoring events
2026-02-28 10:48:24,940 [INFO] Scraping season 2005 matches from https://afltables.com/afl/seas/2005.html
2026-02-28 10:48:26,735 [INFO] Found 185 match links for 2005
2026-02-28 10:48:26,768 [INFO] Scraping match stats: https://afltables.com/afl/stats/games/2005/151920050324.html
2026-02-28 10:48:28,600 [INFO] Extracted 44 player stat records, 46 player details, 54 scoring events
2026-02-28 10:48:28,600 [INFO] Scraping season 2024 matches from https://afltables.com/afl/seas/2024.html
2026-02-28 10:48:30,408 [INFO] Found 216 match links for 2024
2026-02-28 10:48:30,449 [INFO] Scraping match stats: https://afltables.com/afl/stats/games/2024/111620240307.html
2026-02-28 10:48:32,227 [INFO] Extracted 46 player stat records, 48 player details, 45 scoring events
2026-02-28 10:48:32,227 [INFO] Scraping season 2005 matches from https://afltables.com/afl/seas/2005.html
2026-02-28 10:48:34,026 [INFO] Found 185 match links for 2005
2026-02-28 10:48:34,058 [INFO] Scraping match stats: https://afltables.com/afl/stats/games/2005/151920050324.html
2026-02-28 10:48:35,758 [INFO] Extracted 44 player stat records, 46 player details, 54 scoring events
2026-02-28 10:48:35,758 [INFO] Scraping season 2024 matches from https://afltables.com/afl/seas/2024.html
2026-02-28 10:48:37,642 [INFO] Found 216 match links for 2024
2026-02-28 10:48:37,684 [INFO] Scraping match stats: https://afltables.com/afl/stats/games/2024/111620240307.html
2026-02-28 10:48:39,443 [INFO] Extracted 46 player stat records, 48 player details, 45 scoring events
2026-02-28 10:54:53,789 [INFO] Scraping season 2020 matches from https://afltables.com/afl/seas/2020.html
2026-02-28 10:54:55,642 [INFO] Found 162 match links for 2020
2026-02-28 10:54:55,673 [INFO] Scraping match stats: https://afltables.com/afl/stats/games/2020/142020200817.html
2026-02-28 10:54:57,410 [INFO] Extracted 44 player stat records, 46 player details, 25 scoring events
2026-02-28 10:54:57,413 [INFO] Scraping season 2021 matches from https://afltables.com/afl/seas/2021.html
2026-02-28 10:54:59,287 [INFO] Found 207 match links for 2021
2026-02-28 10:54:59,326 [INFO] Scraping match stats: https://afltables.com/afl/stats/games/2021/031620210530.html
2026-02-28 10:55:01,071 [INFO] Extracted 46 player stat records, 48 player details, 48 scoring events
2026-02-28 10:55:01,072 [INFO] Scraping season 2022 matches from https://afltables.com/afl/seas/2022.html
2026-02-28 10:55:02,959 [INFO] Found 207 match links for 2022
2026-02-28 10:55:02,997 [INFO] Scraping match stats: https://afltables.com/afl/stats/games/2022/111420220424.html
2026-02-28 10:55:04,705 [INFO] Extracted 46 player stat records, 48 player details, 45 scoring events
2026-02-28 10:55:04,707 [INFO] Scraping season 2023 matches from https://afltables.com/afl/seas/2023.html
2026-02-28 10:55:06,589 [INFO] Found 216 match links for 2023
2026-02-28 10:55:06,629 [INFO] Scraping match stats: https://afltables.com/afl/stats/games/2023/050720230721.html
2026-02-28 10:55:08,413 [INFO] Extracted 46 player stat records, 48 player details, 39 scoring events
2026-02-28 10:55:08,415 [INFO] Scraping season 2024 matches from https://afltables.com/afl/seas/2024.html
2026-02-28 10:55:10,333 [INFO] Found 216 match links for 2024
2026-02-28 10:55:10,375 [INFO] Scraping match stats: https://afltables.com/afl/stats/games/2024/141820240414.html
2026-02-28 10:55:12,127 [INFO] Extracted 46 player stat records, 48 player details, 49 scoring events
2026-02-28 10:56:55,293 [INFO] Scraping season 2020 matches from https://afltables.com/afl/seas/2020.html
2026-02-28 10:56:57,161 [INFO] Found 162 match links for 2020
2026-02-28 10:56:57,193 [INFO] Scraping match stats: https://afltables.com/afl/stats/games/2020/142020200817.html
2026-02-28 10:56:58,934 [INFO] Extracted 44 player stat records, 46 player details, 25 scoring events
2026-02-28 10:56:58,934 [INFO] Scraping season 2021 matches from https://afltables.com/afl/seas/2021.html
2026-02-28 10:57:00,754 [INFO] Found 207 match links for 2021
2026-02-28 10:57:00,793 [INFO] Scraping match stats: https://afltables.com/afl/stats/games/2021/031620210530.html
2026-02-28 10:57:02,551 [INFO] Extracted 46 player stat records, 48 player details, 48 scoring events
2026-02-28 10:57:02,551 [INFO] Scraping season 2022 matches from https://afltables.com/afl/seas/2022.html
2026-02-28 10:57:04,385 [INFO] Found 207 match links for 2022
2026-02-28 10:57:04,424 [INFO] Scraping match stats: https://afltables.com/afl/stats/games/2022/111420220424.html
2026-02-28 10:57:06,159 [INFO] Extracted 46 player stat records, 48 player details, 45 scoring events
2026-02-28 10:57:06,159 [INFO] Scraping season 2023 matches from https://afltables.com/afl/seas/2023.html
2026-02-28 10:57:07,969 [INFO] Found 216 match links for 2023
2026-02-28 10:57:08,010 [INFO] Scraping match stats: https://afltables.com/afl/stats/games/2023/050720230721.html
2026-02-28 10:57:09,864 [INFO] Extracted 46 player stat records, 48 player details, 39 scoring events
2026-02-28 10:57:09,864 [INFO] Scraping season 2024 matches from https://afltables.com/afl/seas/2024.html
2026-02-28 10:57:11,670 [INFO] Found 216 match links for 2024
2026-02-28 10:57:11,711 [INFO] Scraping match stats: https://afltables.com/afl/stats/games/2024/141820240414.html
2026-02-28 10:57:13,522 [INFO] Extracted 46 player stat records, 48 player details, 49 scoring events
2026-02-28 11:07:12,553 [INFO] AFL Tables Scraper
2026-02-28 11:07:12,554 [INFO] Scraping seasons 2005 to 2024
2026-02-28 11:07:12,554 [INFO] Output directory: ./data
2026-02-28 11:07:12,554 [INFO] TEST MODE: Scraping 1 match from most recent season
2026-02-28 11:07:12,554 [INFO] Scraping season 2024 matches from https://afltables.com/afl/seas/2024.html
2026-02-28 11:07:14,469 [INFO] Found 216 match links for 2024
2026-02-28 11:07:14,511 [INFO] Scraping match stats: https://afltables.com/afl/stats/games/2024/111620240307.html
2026-02-28 11:07:16,245 [INFO] Extracted 46 player stat records, 48 player details, 45 scoring events
2026-02-28 11:07:16,245 [INFO] 
Match Info:
{
  "home_team": "Sydney",
  "away_team": "Melbourne",
  "round": "1",
  "venue": "S.C.G.",
  "date": "Thu, 7-Mar-2024 7:30 PM (6:30 PM)",
  "date_iso": "2024-03-07T19:30:00",
  "attendance": 40012,
  "year": 2024,
  "match_url": "https://afltables.com/afl/stats/games/2024/111620240307.html",
  "match_id": "111620240307",
  "game_time": "131m 28s",
  "home_rushed_behinds": 4,
  "away_rushed_behinds": 2
}
2026-02-28 11:07:16,252 [INFO] 
Player Stats (46 rows):
       match_id  year round   venue                               date date_iso    team   opponent home_away jumper             player  KI  MK  HB  DI GL   BH    HO   TK   RB   IF    CL   CG   FF   FA   BR    CP    UP   CM   MI  one_pct   BO   GA  pct_played sub_status
0  111620240307  2024     1  S.C.G.  Thu, 7-Mar-2024 7:30 PM (6:30 PM)     None  Sydney  Melbourne      home     36      Amartey, Joel   3   1   0   3  0  1.0   2.0  2.0  0.0  0.0   0.0  1.0  0.0  0.0  0.0   0.0   2.0  0.0  0.0      1.0  0.0  0.0        43.0        off
1  111620240307  2024     1  S.C.G.  Thu, 7-Mar-2024 7:30 PM (6:30 PM)     None  Sydney  Melbourne      home     22       Blakey, Nick  18   9   8  26  0  0.0   0.0  0.0  7.0  6.0   0.0  2.0  2.0  0.0  1.0   6.0  16.0  1.0  0.0      6.0  6.0  2.0        78.0       None
2  111620240307  2024     1  S.C.G.  Thu, 7-Mar-2024 7:30 PM (6:30 PM)     None  Sydney  Melbourne      home     16  Campbell, Braeden  12   7   4  16  0  0.0   0.0  2.0  2.0  5.0   1.0  2.0  1.0  0.0  0.0   3.0  15.0  0.0  0.0      1.0  0.0  0.0        68.0       None
3  111620240307  2024     1  S.C.G.  Thu, 7-Mar-2024 7:30 PM (6:30 PM)     None  Sydney  Melbourne      home      7  Cunningham, Harry  14  10   4  18  0  0.0   0.0  3.0  0.0  2.0   1.0  1.0  0.0  0.0  0.0   3.0  15.0  0.0  1.0      5.0  0.0  0.0        83.0       None
4  111620240307  2024     1  S.C.G.  Thu, 7-Mar-2024 7:30 PM (6:30 PM)     None  Sydney  Melbourne      home     13    Florent, Oliver  10   3   8  18  1  0.0   0.0  2.0  7.0  2.0   3.0  1.0  0.0  0.0  0.0   8.0   8.0  0.0  0.0      1.0  0.0  0.0        91.0       None
5  111620240307  2024     1  S.C.G.  Thu, 7-Mar-2024 7:30 PM (6:30 PM)     None  Sydney  Melbourne      home     42        Fox, Robbie   6   2   3   9  1  1.0   0.0  6.0  0.0  0.0   1.0  4.0  2.0  2.0  0.0   5.0   4.0  0.0  0.0      4.0  0.0  0.0        91.0       None
6  111620240307  2024     1  S.C.G.  Thu, 7-Mar-2024 7:30 PM (6:30 PM)     None  Sydney  Melbourne      home      4     Grundy, Brodie  12   4  11  23  0  0.0  33.0  6.0  1.0  5.0   9.0  9.0  3.0  4.0  0.0  15.0   7.0  2.0  0.0      4.0  0.0  0.0        78.0       None
7  111620240307  2024     1  S.C.G.  Thu, 7-Mar-2024 7:30 PM (6:30 PM)     None  Sydney  Melbourne      home     21      Gulden, Errol  16   2   4  20  0  1.0   0.0  2.0  2.0  5.0   2.0  4.0  1.0  1.0  0.0   9.0  14.0  0.0  0.0      2.0  0.0  0.0        89.0       None
8  111620240307  2024     1  S.C.G.  Thu, 7-Mar-2024 7:30 PM (6:30 PM)     None  Sydney  Melbourne      home      9      Hayward, Will   8   4   2  10  2  0.0   0.0  2.0  1.0  0.0   0.0  2.0  0.0  0.0  0.0   2.0   9.0  0.0  2.0      4.0  0.0  0.0        83.0       None
9  111620240307  2024     1  S.C.G.  Thu, 7-Mar-2024 7:30 PM (6:30 PM)     None  Sydney  Melbourne      home      5      Heeney, Isaac  17   5   9  26  1  1.0   0.0  7.0  2.0  8.0  13.0  2.0  2.0  0.0  0.0  18.0  10.0  0.0  1.0      4.0  0.0  1.0        79.0       None
2026-02-28 11:07:16,254 [INFO] Saved to ./data/test_player_stats.csv
2026-02-28 11:07:16,255 [INFO] 
Player Details (48 rows):
       match_id  year    team jumper             player       Age Career Games (W-D-L W%) Career Goals (Ave.)             team_games  team_goals
0  111620240307  2024  Sydney     36      Amartey, Joel  24y 187d     29 (18-1-10 63.79%)           30 (1.03)    29 (18-1-10 63.79%)   30 (1.03)
1  111620240307  2024  Sydney     22       Blakey, Nick    24y 9d    103 (54-1-48 52.91%)           34 (0.33)   103 (54-1-48 52.91%)   34 (0.33)
2  111620240307  2024  Sydney     16  Campbell, Braeden   22y 32d     49 (28-1-20 58.16%)           11 (0.22)    49 (28-1-20 58.16%)   11 (0.22)
3  111620240307  2024  Sydney      7  Cunningham, Harry   30y 92d   186 (109-1-76 58.87%)           51 (0.27)  186 (109-1-76 58.87%)   51 (0.27)
4  111620240307  2024  Sydney     13    Florent, Oliver  25y 229d    143 (77-1-65 54.20%)           43 (0.30)   143 (77-1-65 54.20%)   43 (0.30)
5  111620240307  2024  Sydney     42        Fox, Robbie  30y 326d     88 (44-1-43 50.57%)           11 (0.13)    88 (44-1-43 50.57%)   11 (0.13)
6  111620240307  2024  Sydney      4     Grundy, Brodie  29y 327d   195 (100-2-93 51.79%)           70 (0.36)      1 (1-0-0 100.00%)        None
7  111620240307  2024  Sydney     21      Gulden, Errol  21y 233d     68 (43-1-24 63.97%)           54 (0.79)    68 (43-1-24 63.97%)   54 (0.79)
8  111620240307  2024  Sydney      9      Hayward, Will  25y 133d    138 (75-1-62 54.71%)          161 (1.17)   138 (75-1-62 54.71%)  161 (1.17)
9  111620240307  2024  Sydney      5      Heeney, Isaac  27y 307d   178 (112-1-65 63.20%)          228 (1.28)  178 (112-1-65 63.20%)  228 (1.28)
2026-02-28 11:07:16,256 [INFO] Saved to ./data/test_player_details.csv
2026-02-28 11:07:16,257 [INFO] 
Scoring Progression (45 rows):
       match_id  year quarter     time       team           player score_type           score
0  111620240307  2024     1st   2m 53s  Melbourne        Gawn, Max     behind    0.0.0- 0.1.1
1  111620240307  2024     1st   5m 16s     Sydney  Florent, Oliver       goal    1.0.6- 0.1.1
2  111620240307  2024     1st    7m 9s  Melbourne      Viney, Jack       goal    1.0.6- 1.1.7
3  111620240307  2024     1st   9m 26s  Melbourne  Spargo, Charlie     behind    1.0.6- 1.2.8
4  111620240307  2024     1st  11m 18s     Sydney           Rushed     behind    1.1.7- 1.2.8
5  111620240307  2024     1st  14m 12s     Sydney           Rushed     behind    1.2.8- 1.2.8
6  111620240307  2024     1st  17m 17s     Sydney    Heeney, Isaac       goal   2.2.14- 1.2.8
7  111620240307  2024     1st  18m 25s  Melbourne    Schache, Josh     behind   2.2.14- 1.3.9
8  111620240307  2024     1st  20m 33s     Sydney           Rushed     behind   2.3.15- 1.3.9
9  111620240307  2024     1st  21m 39s  Melbourne  Fritsch, Bayley     behind  2.3.15- 1.4.10
2026-02-28 11:07:16,257 [INFO] Saved to ./data/test_scoring.csv
2026-02-28 11:35:04,970 [INFO] AFL Tables Scraper
2026-02-28 11:35:04,970 [INFO] Scraping seasons 2005 to 2024
2026-02-28 11:35:04,970 [INFO] Output directory: ./data
2026-02-28 11:35:04,970 [INFO] TEST MODE: Scraping 1 match from most recent season
2026-02-28 11:35:04,970 [INFO] Scraping season 2024 matches from https://afltables.com/afl/seas/2024.html
2026-02-28 11:35:06,920 [INFO] Found 216 match links for 2024
2026-02-28 11:35:06,961 [INFO] Scraping match stats: https://afltables.com/afl/stats/games/2024/111620240307.html
2026-02-28 11:35:08,775 [INFO] Extracted 46 player stat records, 48 player details, 45 scoring events
2026-02-28 11:35:08,775 [INFO] 
Match Info:
{
  "home_team": "Sydney",
  "away_team": "Melbourne",
  "round": "1",
  "venue": "S.C.G.",
  "date": "Thu, 7-Mar-2024 7:30 PM (6:30 PM)",
  "date_iso": "2024-03-07T19:30:00",
  "attendance": 40012,
  "year": 2024,
  "match_url": "https://afltables.com/afl/stats/games/2024/111620240307.html",
  "match_id": "111620240307",
  "game_time": "131m 28s",
  "home_rushed_behinds": 4,
  "away_rushed_behinds": 2
}
2026-02-28 11:35:08,782 [INFO] 
Player Stats (46 rows):
       match_id  year round   venue                               date             date_iso    team   opponent home_away jumper             player  KI  MK  HB  DI GL   BH    HO   TK   RB   IF    CL   CG   FF   FA   BR    CP    UP   CM   MI  one_pct   BO   GA  pct_played sub_status
0  111620240307  2024     1  S.C.G.  Thu, 7-Mar-2024 7:30 PM (6:30 PM)  2024-03-07T19:30:00  Sydney  Melbourne      home     36      Amartey, Joel   3   1   0   3  0  1.0   2.0  2.0  0.0  0.0   0.0  1.0  0.0  0.0  0.0   0.0   2.0  0.0  0.0      1.0  0.0  0.0        43.0        off
1  111620240307  2024     1  S.C.G.  Thu, 7-Mar-2024 7:30 PM (6:30 PM)  2024-03-07T19:30:00  Sydney  Melbourne      home     22       Blakey, Nick  18   9   8  26  0  0.0   0.0  0.0  7.0  6.0   0.0  2.0  2.0  0.0  1.0   6.0  16.0  1.0  0.0      6.0  6.0  2.0        78.0       None
2  111620240307  2024     1  S.C.G.  Thu, 7-Mar-2024 7:30 PM (6:30 PM)  2024-03-07T19:30:00  Sydney  Melbourne      home     16  Campbell, Braeden  12   7   4  16  0  0.0   0.0  2.0  2.0  5.0   1.0  2.0  1.0  0.0  0.0   3.0  15.0  0.0  0.0      1.0  0.0  0.0        68.0       None
3  111620240307  2024     1  S.C.G.  Thu, 7-Mar-2024 7:30 PM (6:30 PM)  2024-03-07T19:30:00  Sydney  Melbourne      home      7  Cunningham, Harry  14  10   4  18  0  0.0   0.0  3.0  0.0  2.0   1.0  1.0  0.0  0.0  0.0   3.0  15.0  0.0  1.0      5.0  0.0  0.0        83.0       None
4  111620240307  2024     1  S.C.G.  Thu, 7-Mar-2024 7:30 PM (6:30 PM)  2024-03-07T19:30:00  Sydney  Melbourne      home     13    Florent, Oliver  10   3   8  18  1  0.0   0.0  2.0  7.0  2.0   3.0  1.0  0.0  0.0  0.0   8.0   8.0  0.0  0.0      1.0  0.0  0.0        91.0       None
5  111620240307  2024     1  S.C.G.  Thu, 7-Mar-2024 7:30 PM (6:30 PM)  2024-03-07T19:30:00  Sydney  Melbourne      home     42        Fox, Robbie   6   2   3   9  1  1.0   0.0  6.0  0.0  0.0   1.0  4.0  2.0  2.0  0.0   5.0   4.0  0.0  0.0      4.0  0.0  0.0        91.0       None
6  111620240307  2024     1  S.C.G.  Thu, 7-Mar-2024 7:30 PM (6:30 PM)  2024-03-07T19:30:00  Sydney  Melbourne      home      4     Grundy, Brodie  12   4  11  23  0  0.0  33.0  6.0  1.0  5.0   9.0  9.0  3.0  4.0  0.0  15.0   7.0  2.0  0.0      4.0  0.0  0.0        78.0       None
7  111620240307  2024     1  S.C.G.  Thu, 7-Mar-2024 7:30 PM (6:30 PM)  2024-03-07T19:30:00  Sydney  Melbourne      home     21      Gulden, Errol  16   2   4  20  0  1.0   0.0  2.0  2.0  5.0   2.0  4.0  1.0  1.0  0.0   9.0  14.0  0.0  0.0      2.0  0.0  0.0        89.0       None
8  111620240307  2024     1  S.C.G.  Thu, 7-Mar-2024 7:30 PM (6:30 PM)  2024-03-07T19:30:00  Sydney  Melbourne      home      9      Hayward, Will   8   4   2  10  2  0.0   0.0  2.0  1.0  0.0   0.0  2.0  0.0  0.0  0.0   2.0   9.0  0.0  2.0      4.0  0.0  0.0        83.0       None
9  111620240307  2024     1  S.C.G.  Thu, 7-Mar-2024 7:30 PM (6:30 PM)  2024-03-07T19:30:00  Sydney  Melbourne      home      5      Heeney, Isaac  17   5   9  26  1  1.0   0.0  7.0  2.0  8.0  13.0  2.0  2.0  0.0  0.0  18.0  10.0  0.0  1.0      4.0  0.0  1.0        79.0       None
2026-02-28 11:35:08,784 [INFO] Saved to ./data/test_player_stats.csv
2026-02-28 11:35:08,786 [INFO] 
Player Details (48 rows):
       match_id  year    team jumper             player       Age Career Games (W-D-L W%) Career Goals (Ave.)             team_games  team_goals
0  111620240307  2024  Sydney     36      Amartey, Joel  24y 187d     29 (18-1-10 63.79%)           30 (1.03)    29 (18-1-10 63.79%)   30 (1.03)
1  111620240307  2024  Sydney     22       Blakey, Nick    24y 9d    103 (54-1-48 52.91%)           34 (0.33)   103 (54-1-48 52.91%)   34 (0.33)
2  111620240307  2024  Sydney     16  Campbell, Braeden   22y 32d     49 (28-1-20 58.16%)           11 (0.22)    49 (28-1-20 58.16%)   11 (0.22)
3  111620240307  2024  Sydney      7  Cunningham, Harry   30y 92d   186 (109-1-76 58.87%)           51 (0.27)  186 (109-1-76 58.87%)   51 (0.27)
4  111620240307  2024  Sydney     13    Florent, Oliver  25y 229d    143 (77-1-65 54.20%)           43 (0.30)   143 (77-1-65 54.20%)   43 (0.30)
5  111620240307  2024  Sydney     42        Fox, Robbie  30y 326d     88 (44-1-43 50.57%)           11 (0.13)    88 (44-1-43 50.57%)   11 (0.13)
6  111620240307  2024  Sydney      4     Grundy, Brodie  29y 327d   195 (100-2-93 51.79%)           70 (0.36)      1 (1-0-0 100.00%)        None
7  111620240307  2024  Sydney     21      Gulden, Errol  21y 233d     68 (43-1-24 63.97%)           54 (0.79)    68 (43-1-24 63.97%)   54 (0.79)
8  111620240307  2024  Sydney      9      Hayward, Will  25y 133d    138 (75-1-62 54.71%)          161 (1.17)   138 (75-1-62 54.71%)  161 (1.17)
9  111620240307  2024  Sydney      5      Heeney, Isaac  27y 307d   178 (112-1-65 63.20%)          228 (1.28)  178 (112-1-65 63.20%)  228 (1.28)
2026-02-28 11:35:08,786 [INFO] Saved to ./data/test_player_details.csv
2026-02-28 11:35:08,787 [INFO] 
Scoring Progression (45 rows):
       match_id  year quarter     time       team           player score_type           score
0  111620240307  2024     1st   2m 53s  Melbourne        Gawn, Max     behind    0.0.0- 0.1.1
1  111620240307  2024     1st   5m 16s     Sydney  Florent, Oliver       goal    1.0.6- 0.1.1
2  111620240307  2024     1st    7m 9s  Melbourne      Viney, Jack       goal    1.0.6- 1.1.7
3  111620240307  2024     1st   9m 26s  Melbourne  Spargo, Charlie     behind    1.0.6- 1.2.8
4  111620240307  2024     1st  11m 18s     Sydney           Rushed     behind    1.1.7- 1.2.8
5  111620240307  2024     1st  14m 12s     Sydney           Rushed     behind    1.2.8- 1.2.8
6  111620240307  2024     1st  17m 17s     Sydney    Heeney, Isaac       goal   2.2.14- 1.2.8
7  111620240307  2024     1st  18m 25s  Melbourne    Schache, Josh     behind   2.2.14- 1.3.9
8  111620240307  2024     1st  20m 33s     Sydney           Rushed     behind   2.3.15- 1.3.9
9  111620240307  2024     1st  21m 39s  Melbourne  Fritsch, Bayley     behind  2.3.15- 1.4.10
2026-02-28 11:35:08,788 [INFO] Saved to ./data/test_scoring.csv
2026-02-28 11:38:18,666 [INFO] Scraping season 2005 matches from https://afltables.com/afl/seas/2005.html
2026-02-28 11:38:20,532 [INFO] Found 185 match links for 2005
2026-02-28 11:38:20,565 [INFO] Scraping match stats: https://afltables.com/afl/stats/games/2005/151920050324.html
2026-02-28 11:38:22,315 [INFO] Extracted 44 player stat records, 46 player details, 54 scoring events
2026-02-28 11:38:22,315 [INFO] Scraping season 2010 matches from https://afltables.com/afl/seas/2010.html
2026-02-28 11:38:24,112 [INFO] Found 186 match links for 2010
2026-02-28 11:38:24,145 [INFO] Scraping match stats: https://afltables.com/afl/stats/games/2010/031420100325.html
2026-02-28 11:38:25,881 [INFO] Extracted 44 player stat records, 46 player details, 49 scoring events
2026-02-28 11:38:25,881 [INFO] Scraping season 2015 matches from https://afltables.com/afl/seas/2015.html
2026-02-28 11:38:27,721 [INFO] Found 206 match links for 2015
2026-02-28 11:38:27,762 [INFO] Scraping match stats: https://afltables.com/afl/stats/games/2015/031420150402.html
2026-02-28 11:38:29,527 [INFO] Extracted 44 player stat records, 46 player details, 53 scoring events
2026-02-28 11:38:29,528 [INFO] Scraping season 2020 matches from https://afltables.com/afl/seas/2020.html
2026-02-28 11:38:31,324 [INFO] Found 162 match links for 2020
2026-02-28 11:38:31,354 [INFO] Scraping match stats: https://afltables.com/afl/stats/games/2020/031420200319.html
2026-02-28 11:38:33,187 [INFO] Extracted 44 player stat records, 46 player details, 46 scoring events
2026-02-28 11:38:33,188 [INFO] Scraping season 2024 matches from https://afltables.com/afl/seas/2024.html
2026-02-28 11:38:35,039 [INFO] Found 216 match links for 2024
2026-02-28 11:38:35,080 [INFO] Scraping match stats: https://afltables.com/afl/stats/games/2024/111620240307.html
2026-02-28 11:38:36,819 [INFO] Extracted 46 player stat records, 48 player details, 45 scoring events
2026-02-28 11:38:46,834 [INFO] Scraping season 2020 matches from https://afltables.com/afl/seas/2020.html
2026-02-28 11:38:48,699 [INFO] Found 162 match links for 2020
2026-02-28 11:38:48,731 [INFO] Scraping match stats: https://afltables.com/afl/stats/games/2020/031420200319.html
2026-02-28 11:38:50,635 [INFO] Extracted 44 player stat records, 46 player details, 46 scoring events
2026-02-28 11:38:58,034 [INFO] Scraping season 2020 matches from https://afltables.com/afl/seas/2020.html
2026-02-28 11:38:59,919 [INFO] Found 162 match links for 2020
2026-02-28 11:38:59,950 [INFO] Scraping match stats: https://afltables.com/afl/stats/games/2020/031420200319.html
2026-02-28 11:39:01,818 [INFO] Extracted 44 player stat records, 46 player details, 46 scoring events
2026-02-28 11:41:32,118 [INFO] Scraping season 2005 matches from https://afltables.com/afl/seas/2005.html
2026-02-28 11:41:34,128 [INFO] Found 185 match links for 2005
2026-02-28 11:41:34,162 [INFO] Scraping match stats: https://afltables.com/afl/stats/games/2005/151920050324.html
2026-02-28 11:41:36,024 [INFO] Extracted 44 player stat records, 46 player details, 54 scoring events
2026-02-28 11:41:36,024 [INFO] Scraping season 2010 matches from https://afltables.com/afl/seas/2010.html
2026-02-28 11:41:38,234 [INFO] Found 186 match links for 2010
2026-02-28 11:41:38,268 [INFO] Scraping match stats: https://afltables.com/afl/stats/games/2010/031420100325.html
2026-02-28 11:41:40,145 [INFO] Extracted 44 player stat records, 46 player details, 49 scoring events
2026-02-28 11:41:40,146 [INFO] Scraping season 2015 matches from https://afltables.com/afl/seas/2015.html
2026-02-28 11:41:44,417 [INFO] Found 206 match links for 2015
2026-02-28 11:41:44,456 [INFO] Scraping match stats: https://afltables.com/afl/stats/games/2015/031420150402.html
2026-02-28 11:41:46,248 [INFO] Extracted 44 player stat records, 46 player details, 53 scoring events
2026-02-28 11:41:46,249 [INFO] Scraping season 2020 matches from https://afltables.com/afl/seas/2020.html
2026-02-28 11:41:48,664 [INFO] Found 162 match links for 2020
2026-02-28 11:41:48,694 [INFO] Scraping match stats: https://afltables.com/afl/stats/games/2020/031420200319.html
2026-02-28 11:41:50,650 [INFO] Extracted 44 player stat records, 46 player details, 46 scoring events
2026-02-28 11:41:50,651 [INFO] Scraping season 2024 matches from https://afltables.com/afl/seas/2024.html
2026-02-28 11:41:53,896 [INFO] Found 216 match links for 2024
2026-02-28 11:41:53,939 [INFO] Scraping match stats: https://afltables.com/afl/stats/games/2024/111620240307.html
2026-02-28 11:41:55,907 [INFO] Extracted 46 player stat records, 48 player details, 45 scoring events
2026-02-28 11:43:55,372 [INFO] Scraping season 2005 matches from https://afltables.com/afl/seas/2005.html
2026-02-28 11:43:57,279 [INFO] Found 185 match links for 2005
2026-02-28 11:43:57,312 [INFO] Scraping match stats: https://afltables.com/afl/stats/games/2005/151920050324.html
2026-02-28 11:43:59,046 [INFO] Extracted 44 player stat records, 46 player details, 54 scoring events
2026-02-28 11:43:59,046 [INFO] Scraping match stats: https://afltables.com/afl/stats/games/2005/081620050612.html
2026-02-28 11:44:00,768 [INFO] Extracted 44 player stat records, 46 player details, 50 scoring events
2026-02-28 11:44:00,768 [INFO] Scraping match stats: https://afltables.com/afl/stats/games/2005/161820050924.html
2026-02-28 11:44:02,498 [INFO] Extracted 44 player stat records, 46 player details, 37 scoring events
2026-02-28 11:44:02,499 [INFO] Scraping season 2012 matches from https://afltables.com/afl/seas/2012.html
2026-02-28 11:44:04,317 [INFO] Found 207 match links for 2012
2026-02-28 11:44:04,356 [INFO] Scraping match stats: https://afltables.com/afl/stats/games/2012/162120120324.html
2026-02-28 11:44:06,106 [INFO] Extracted 44 player stat records, 46 player details, 42 scoring events
2026-02-28 11:44:06,107 [INFO] Scraping match stats: https://afltables.com/afl/stats/games/2012/071920120623.html
2026-02-28 11:44:07,831 [INFO] Extracted 44 player stat records, 46 player details, 45 scoring events
2026-02-28 11:44:07,832 [INFO] Scraping match stats: https://afltables.com/afl/stats/games/2012/101620120929.html
2026-02-28 11:44:09,669 [INFO] Extracted 44 player stat records, 46 player details, 47 scoring events
2026-02-28 11:44:09,669 [INFO] Scraping season 2020 matches from https://afltables.com/afl/seas/2020.html
2026-02-28 11:44:11,494 [INFO] Found 162 match links for 2020
2026-02-28 11:44:11,527 [INFO] Scraping match stats: https://afltables.com/afl/stats/games/2020/031420200319.html
2026-02-28 11:44:13,246 [INFO] Extracted 44 player stat records, 46 player details, 46 scoring events
2026-02-28 11:44:13,246 [INFO] Scraping match stats: https://afltables.com/afl/stats/games/2020/141920200804.html
2026-02-28 11:44:15,069 [INFO] Extracted 44 player stat records, 46 player details, 43 scoring events
2026-02-28 11:44:15,069 [INFO] Scraping match stats: https://afltables.com/afl/stats/games/2020/091420201024.html
2026-02-28 11:44:16,812 [INFO] Extracted 44 player stat records, 46 player details, 36 scoring events
2026-02-28 11:44:16,813 [INFO] Scraping season 2024 matches from https://afltables.com/afl/seas/2024.html
2026-02-28 11:44:18,684 [INFO] Found 216 match links for 2024
2026-02-28 11:44:18,726 [INFO] Scraping match stats: https://afltables.com/afl/stats/games/2024/111620240307.html
2026-02-28 11:44:20,477 [INFO] Extracted 46 player stat records, 48 player details, 45 scoring events
2026-02-28 11:44:20,478 [INFO] Scraping match stats: https://afltables.com/afl/stats/games/2024/102120240608.html
2026-02-28 11:44:22,316 [INFO] Extracted 46 player stat records, 48 player details, 44 scoring events
2026-02-28 11:44:22,316 [INFO] Scraping match stats: https://afltables.com/afl/stats/games/2024/161920240928.html
2026-02-28 11:44:24,036 [INFO] Extracted 46 player stat records, 48 player details, 45 scoring events
